2022-10-26 15:04:03,748 INFO c.c.l.Log [TestNG-test=Smoke Tests for Carina Mobile-5] ----- Method signUpSuccessfully succeed
2022-10-26 15:04:03,768 INFO c.c.l.Log [TestNG-test=Smoke Tests for Carina Mobile-5] onTestStart - method clickRightHambMenu start
2022-10-26 15:04:04,058 INFO c.c.l.Log [TestNG-test=Smoke Tests for Carina Mobile-5] Context 1: NATIVE_APP
2022-10-26 15:04:04,058 INFO c.c.l.Log [TestNG-test=Smoke Tests for Carina Mobile-5] Context 1: WEBVIEW_com.solvd.carinademoapplication
2022-10-26 15:04:04,059 INFO c.c.l.Log [TestNG-test=Smoke Tests for Carina Mobile-5] Context 1 - Contains WEBVIEW: WEBVIEW_com.solvd.carinademoapplication
2022-10-26 15:04:10,361 INFO c.c.l.Log [TestNG-test=Smoke Tests for Carina Mobile-5] ----- Method clickRightHambMenu succeed
2022-10-26 15:04:10,363 INFO c.c.l.Log [TestNG-test=Smoke Tests for Carina Mobile-5] onTestStart - method openLeftMenu start
2022-10-26 15:04:10,802 INFO c.c.l.Log [TestNG-test=Smoke Tests for Carina Mobile-5] Context 1: NATIVE_APP
2022-10-26 15:04:10,802 INFO c.c.l.Log [TestNG-test=Smoke Tests for Carina Mobile-5] Context 2: NATIVE_APP
2022-10-26 15:04:10,991 INFO c.c.l.Log [TestNG-test=Smoke Tests for Carina Mobile-5] Context 1: WEBVIEW_com.solvd.carinademoapplication
2022-10-26 15:04:12,736 INFO c.c.l.Log [TestNG-test=Smoke Tests for Carina Mobile-5] ----- Method openLeftMenu succeed
2022-10-26 15:04:12,739 INFO c.c.l.Log [TestNG-test=Smoke Tests for Carina Mobile-5] onTestStart - method clickOnChart start
2022-10-26 15:04:13,601 INFO c.c.l.Log [TestNG-test=Smoke Tests for Carina Mobile-5] ----- Method clickOnChart succeed
2022-10-26 15:04:13,605 INFO c.c.l.Log [TestNG-test=Smoke Tests for Carina Mobile-5] onTestStart - method showChartsPage start
2022-10-26 15:04:18,626 INFO c.c.l.Log [TestNG-test=Smoke Tests for Carina Mobile-5] ----- Method showChartsPage succeed
2022-10-26 15:04:18,638 INFO c.c.l.Log [TestNG-test=Smoke Tests for Carina Mobile-5] onTestStart - method clickLeftMenu start
2022-10-26 15:04:18,881 INFO c.c.l.Log [TestNG-test=Smoke Tests for Carina Mobile-5] Context 1: NATIVE_APP
2022-10-26 15:04:18,881 INFO c.c.l.Log [TestNG-test=Smoke Tests for Carina Mobile-5] Context 2: NATIVE_APP
2022-10-26 15:04:18,895 INFO c.c.l.Log [TestNG-test=Smoke Tests for Carina Mobile-5] Context 1: WEBVIEW_com.solvd.carinademoapplication
2022-10-26 15:04:19,048 INFO c.c.l.Log [TestNG-test=Smoke Tests for Carina Mobile-5] ----- Method clickLeftMenu succeed
2022-10-26 15:04:19,058 INFO c.c.l.Log [TestNG-test=Smoke Tests for Carina Mobile-5] onTestStart - method goToUIElements start
2022-10-26 15:04:21,250 INFO c.c.l.Log [TestNG-test=Smoke Tests for Carina Mobile-5] ----- Method goToUIElements succeed
2022-10-26 15:04:21,251 INFO c.c.l.Log [TestNG-test=Smoke Tests for Carina Mobile-5] onTestStart - method insertDatainUIElements start
2022-10-26 15:04:23,520 INFO c.c.l.Log [TestNG-test=Smoke Tests for Carina Mobile-5] ----- Method insertDatainUIElements succeed
2022-10-26 15:04:24,346 INFO c.c.l.Log [main]  onFinish - method Smoke Tests for Carina Mobile
