2022-10-26 15:06:36,379 INFO c.c.l.Log [main] -----onStart method Smoke Tests for Carina Mobile
2022-10-26 15:06:36,426 INFO c.c.l.Log [main] capabilities.platformName : ANDROID
2022-10-26 15:06:36,426 INFO c.c.l.Log [main] capabilities.platformVersion : 9.0
2022-10-26 15:06:36,426 INFO c.c.l.Log [main] capabilities.automationName : UiAutomator2
2022-10-26 15:06:36,426 INFO c.c.l.Log [main] capabilities.noReset : true
2022-10-26 15:06:36,426 INFO c.c.l.Log [main] capabilities.autoGrantPermissions : true
2022-10-26 15:06:36,474 INFO c.c.l.Log [main] androiddriver.url : http://localhost:4723/wd/hub
2022-10-26 15:06:46,445 INFO c.c.l.Log [TestNG-test=Smoke Tests for Carina Mobile-1] onTestStart - method clickOnNext start
2022-10-26 15:06:48,627 INFO c.c.l.Log [TestNG-test=Smoke Tests for Carina Mobile-1] ----- Method clickOnNext succeed
2022-10-26 15:06:48,631 INFO c.c.l.Log [TestNG-test=Smoke Tests for Carina Mobile-2] onTestStart - method goToSignupPageSuccessfully start
2022-10-26 15:06:48,759 INFO c.c.l.Log [TestNG-test=Smoke Tests for Carina Mobile-2] ----- Method goToSignupPageSuccessfully succeed
2022-10-26 15:06:48,772 INFO c.c.l.Log [TestNG-test=Smoke Tests for Carina Mobile-3] onTestStart - method enterNamePasswordGender start
2022-10-26 15:06:51,836 INFO c.c.l.Log [TestNG-test=Smoke Tests for Carina Mobile-3] ----- Method enterNamePasswordGender succeed
2022-10-26 15:06:51,837 INFO c.c.l.Log [TestNG-test=Smoke Tests for Carina Mobile-4] onTestStart - method clickOnAgree start
2022-10-26 15:06:52,447 INFO c.c.l.Log [TestNG-test=Smoke Tests for Carina Mobile-4] ----- Method clickOnAgree succeed
2022-10-26 15:06:52,449 INFO c.c.l.Log [TestNG-test=Smoke Tests for Carina Mobile-5] onTestStart - method clickOnSignup start
2022-10-26 15:06:53,035 INFO c.c.l.Log [TestNG-test=Smoke Tests for Carina Mobile-5] ----- Method clickOnSignup succeed
2022-10-26 15:06:53,037 INFO c.c.l.Log [TestNG-test=Smoke Tests for Carina Mobile-5] onTestStart - method signUpSuccessfully start
2022-10-26 15:06:56,484 INFO c.c.l.Log [TestNG-test=Smoke Tests for Carina Mobile-5] ----- Method signUpSuccessfully succeed
2022-10-26 15:06:56,502 INFO c.c.l.Log [TestNG-test=Smoke Tests for Carina Mobile-5] onTestStart - method clickRightHambMenu start
2022-10-26 15:06:57,222 INFO c.c.l.Log [TestNG-test=Smoke Tests for Carina Mobile-5] Context 1: NATIVE_APP
2022-10-26 15:06:57,222 INFO c.c.l.Log [TestNG-test=Smoke Tests for Carina Mobile-5] Context 1: WEBVIEW_com.solvd.carinademoapplication
2022-10-26 15:06:57,222 INFO c.c.l.Log [TestNG-test=Smoke Tests for Carina Mobile-5] Context 1 - Contains WEBVIEW: WEBVIEW_com.solvd.carinademoapplication
